<?xml version="1.0" encoding="UTF-8"?>
<!-- Generated by org.testng.reporters.JUnitReportReporter -->
<testsuite skipped="0" hostname="DESKTOP-8ORI4RN" name="MavenGID.MavenAID_OrangeHRM.LogOutClass" tests="1" failures="0" timestamp="07 Jan 2020 20:22:52 GMT" time="11.517" errors="0">
  <testcase name="TC2_1" time="11.517" classname="MavenGID.MavenAID_OrangeHRM.LogOutClass"/>
</testsuite> <!-- MavenGID.MavenAID_OrangeHRM.LogOutClass -->
